# JRE version: OpenJDK Runtime Environment (18.0.2) (build 18.0.2+0)
# Java VM: OpenJDK 64-Bit Server VM (18.0.2+0, mixed mode, tiered, compressed oops, compressed class ptrs, g1 gc, linux-amd64)
GC Precious Log:
 CardTable entry size: 512
 Card Set container configuration: InlinePtr #cards 5 size 8 Array Of Cards #cards 12 size 40 Howl #buckets 4 coarsen threshold 1843 Howl Bitmap #cards 512 size 80 coarsen threshold 460 Card regions per heap region 1 cards per card region 2048
 CPUs: 4 total, 4 available
 Memory: 7835M
 Large Page Support: Disabled
 NUMA Support: Disabled
 Compressed Oops: Enabled (32-bit)
 Heap Region Size: 1M
 Heap Min Capacity: 8M
 Heap Initial Capacity: 124M
 Heap Max Capacity: 1960M
 Pre-touch: Disabled
 Parallel Workers: 4
 Concurrent Workers: 1
 Concurrent Refinement Workers: 4
 Periodic GC: Disabled
Heap:
 garbage-first heap   total 115712K, used 91213K [0x0000000085800000, 0x0000000100000000)
  region size 1024K, 52 young (53248K), 4 survivors (4096K)
 Metaspace       used 89509K, committed 90176K, reserved 1179648K
  class space    used 9925K, committed 10304K, reserved 1048576K
GC Heap History (20 events):
Event: 2427,811 GC heap after
{Heap after GC invocations=33 (full 2):
 garbage-first heap   total 96256K, used 26600K [0x0000000085800000, 0x0000000100000000)
  region size 1024K, 0 young (0K), 0 survivors (0K)
 Metaspace       used 85455K, committed 86080K, reserved 1179648K
  class space    used 9682K, committed 9984K, reserved 1048576K
}
Event: 2428,190 GC heap before
{Heap before GC invocations=33 (full 2):
 garbage-first heap   total 96256K, used 75752K [0x0000000085800000, 0x0000000100000000)
  region size 1024K, 49 young (50176K), 0 survivors (0K)
 Metaspace       used 85982K, committed 86592K, reserved 1179648K
  class space    used 9712K, committed 10048K, reserved 1048576K
}
Event: 2428,193 GC heap after
{Heap after GC invocations=34 (full 2):
 garbage-first heap   total 96256K, used 30177K [0x0000000085800000, 0x0000000100000000)
  region size 1024K, 4 young (4096K), 4 survivors (4096K)
 Metaspace       used 85982K, committed 86592K, reserved 1179648K
  class space    used 9712K, committed 10048K, reserved 1048576K
}
Event: 2428,502 GC heap before
{Heap before GC invocations=34 (full 2):
 garbage-first heap   total 96256K, used 76257K [0x0000000085800000, 0x0000000100000000)
  region size 1024K, 49 young (50176K), 4 survivors (4096K)
 Metaspace       used 86661K, committed 87232K, reserved 1179648K
  class space    used 9737K, committed 10048K, reserved 1048576K
}
Event: 2428,505 GC heap after
{Heap after GC invocations=35 (full 2):
 garbage-first heap   total 96256K, used 32463K [0x0000000085800000, 0x0000000100000000)
  region size 1024K, 6 young (6144K), 6 survivors (6144K)
 Metaspace       used 86661K, committed 87232K, reserved 1179648K
  class space    used 9737K, committed 10048K, reserved 1048576K
}
Event: 2524,529 GC heap before
{Heap before GC invocations=35 (full 2):
 garbage-first heap   total 96256K, used 75471K [0x0000000085800000, 0x0000000100000000)
  region size 1024K, 49 young (50176K), 6 survivors (6144K)
 Metaspace       used 87156K, committed 87744K, reserved 1179648K
  class space    used 9791K, committed 10112K, reserved 1048576K
}
Event: 2524,535 GC heap after
{Heap after GC invocations=36 (full 2):
 garbage-first heap   total 96256K, used 33415K [0x0000000085800000, 0x0000000100000000)
  region size 1024K, 5 young (5120K), 5 survivors (5120K)
 Metaspace       used 87156K, committed 87744K, reserved 1179648K
  class space    used 9791K, committed 10112K, reserved 1048576K
}
Event: 2524,879 GC heap before
{Heap before GC invocations=36 (full 2):
 garbage-first heap   total 96256K, used 74375K [0x0000000085800000, 0x0000000100000000)
  region size 1024K, 45 young (46080K), 5 survivors (5120K)
 Metaspace       used 87714K, committed 88320K, reserved 1179648K
  class space    used 9813K, committed 10112K, reserved 1048576K
}
Event: 2524,886 GC heap after
{Heap after GC invocations=37 (full 2):
 garbage-first heap   total 96256K, used 35357K [0x0000000085800000, 0x0000000100000000)
  region size 1024K, 6 young (6144K), 6 survivors (6144K)
 Metaspace       used 87714K, committed 88320K, reserved 1179648K
  class space    used 9813K, committed 10112K, reserved 1048576K
}
Event: 2539,548 GC heap before
{Heap before GC invocations=37 (full 2):
 garbage-first heap   total 96256K, used 74269K [0x0000000085800000, 0x0000000100000000)
  region size 1024K, 44 young (45056K), 6 survivors (6144K)
 Metaspace       used 87987K, committed 88640K, reserved 1179648K
  class space    used 9831K, committed 10176K, reserved 1048576K
}
Event: 2539,553 GC heap after
{Heap after GC invocations=38 (full 2):
 garbage-first heap   total 96256K, used 35646K [0x0000000085800000, 0x0000000100000000)
  region size 1024K, 4 young (4096K), 4 survivors (4096K)
 Metaspace       used 87987K, committed 88640K, reserved 1179648K
  class space    used 9831K, committed 10176K, reserved 1048576K
}
Event: 2539,808 GC heap before
{Heap before GC invocations=38 (full 2):
 garbage-first heap   total 96256K, used 75582K [0x0000000085800000, 0x0000000100000000)
  region size 1024K, 43 young (44032K), 4 survivors (4096K)
 Metaspace       used 88250K, committed 88896K, reserved 1179648K
  class space    used 9849K, committed 10176K, reserved 1048576K
}
Event: 2539,813 GC heap after
{Heap after GC invocations=39 (full 2):
 garbage-first heap   total 96256K, used 36891K [0x0000000085800000, 0x0000000100000000)
  region size 1024K, 5 young (5120K), 5 survivors (5120K)
 Metaspace       used 88250K, committed 88896K, reserved 1179648K
  class space    used 9849K, committed 10176K, reserved 1048576K
}
Event: 2540,067 GC heap before
{Heap before GC invocations=39 (full 2):
 garbage-first heap   total 96256K, used 75803K [0x0000000085800000, 0x0000000100000000)
  region size 1024K, 43 young (44032K), 5 survivors (5120K)
 Metaspace       used 88715K, committed 89344K, reserved 1179648K
  class space    used 9872K, committed 10240K, reserved 1048576K
}
Event: 2540,072 GC heap after
{Heap after GC invocations=40 (full 2):
 garbage-first heap   total 96256K, used 38822K [0x0000000085800000, 0x0000000100000000)
  region size 1024K, 5 young (5120K), 5 survivors (5120K)
 Metaspace       used 88715K, committed 89344K, reserved 1179648K
  class space    used 9872K, committed 10240K, reserved 1048576K
}
Event: 2578,834 GC heap before
{Heap before GC invocations=40 (full 2):
 garbage-first heap   total 96256K, used 75686K [0x0000000085800000, 0x0000000100000000)
  region size 1024K, 41 young (41984K), 5 survivors (5120K)
 Metaspace       used 88952K, committed 89600K, reserved 1179648K
  class space    used 9893K, committed 10240K, reserved 1048576K
}
Event: 2578,839 GC heap after
{Heap after GC invocations=41 (full 2):
 garbage-first heap   total 115712K, used 39451K [0x0000000085800000, 0x0000000100000000)
  region size 1024K, 4 young (4096K), 4 survivors (4096K)
 Metaspace       used 88952K, committed 89600K, reserved 1179648K
  class space    used 9893K, committed 10240K, reserved 1048576K
}
Event: 2579,241 GC heap before
{Heap before GC invocations=41 (full 2):
 garbage-first heap   total 115712K, used 92699K [0x0000000085800000, 0x0000000100000000)
  region size 1024K, 56 young (57344K), 4 survivors (4096K)
 Metaspace       used 89417K, committed 90048K, reserved 1179648K
  class space    used 9918K, committed 10240K, reserved 1048576K
}
Event: 2579,246 GC heap after
{Heap after GC invocations=42 (full 2):
 garbage-first heap   total 115712K, used 42061K [0x0000000085800000, 0x0000000100000000)
  region size 1024K, 7 young (7168K), 7 survivors (7168K)
 Metaspace       used 89417K, committed 90048K, reserved 1179648K
  class space    used 9918K, committed 10240K, reserved 1048576K
}
Event: 3317,976 GC heap before
{Heap before GC invocations=42 (full 2):
 garbage-first heap   total 115712K, used 91213K [0x0000000085800000, 0x0000000100000000)
  region size 1024K, 55 young (56320K), 7 survivors (7168K)
 Metaspace       used 89509K, committed 90176K, reserved 1179648K
  class space    used 9925K, committed 10304K, reserved 1048576K
}

